[19-Jul-2015 21:35:58 UTC] PHP Warning:  file_get_contents(./templates/header.html): failed to open stream: No such file or directory in /home/ubuntu/workspace/vendor/Pizzy/Template/src/Template.php on line 52
[19-Jul-2015 21:35:58 UTC] PHP Stack trace:
[19-Jul-2015 21:35:58 UTC] PHP   1. {main}() /home/ubuntu/workspace/src/index.php:0
[19-Jul-2015 21:35:58 UTC] PHP   2. Pizzy\Template->__construct() /home/ubuntu/workspace/src/index.php:13
[19-Jul-2015 21:35:58 UTC] PHP   3. Pizzy\Template->build_header() /home/ubuntu/workspace/vendor/Pizzy/Template/src/Template.php:49
[19-Jul-2015 21:35:58 UTC] PHP   4. Pizzy\Template->__construct() /home/ubuntu/workspace/vendor/Pizzy/Template/src/Template.php:158
[19-Jul-2015 21:35:58 UTC] PHP   5. file_get_contents() /home/ubuntu/workspace/vendor/Pizzy/Template/src/Template.php:52
[19-Jul-2015 21:35:58 UTC] PHP Warning:  file_get_contents(./templates/home.html): failed to open stream: No such file or directory in /home/ubuntu/workspace/vendor/Pizzy/Template/src/Template.php on line 52
[19-Jul-2015 21:35:58 UTC] PHP Stack trace:
[19-Jul-2015 21:35:58 UTC] PHP   1. {main}() /home/ubuntu/workspace/src/index.php:0
[19-Jul-2015 21:35:58 UTC] PHP   2. Pizzy\Template->__construct() /home/ubuntu/workspace/src/index.php:13
[19-Jul-2015 21:35:58 UTC] PHP   3. file_get_contents() /home/ubuntu/workspace/vendor/Pizzy/Template/src/Template.php:52
[19-Jul-2015 21:35:58 UTC] PHP Warning:  file_get_contents(./templates/footer.html): failed to open stream: No such file or directory in /home/ubuntu/workspace/vendor/Pizzy/Template/src/Template.php on line 52
[19-Jul-2015 21:35:58 UTC] PHP Stack trace:
[19-Jul-2015 21:35:58 UTC] PHP   1. {main}() /home/ubuntu/workspace/src/index.php:0
[19-Jul-2015 21:35:58 UTC] PHP   2. Pizzy\Template->__construct() /home/ubuntu/workspace/src/index.php:13
[19-Jul-2015 21:35:58 UTC] PHP   3. Pizzy\Template->build_footer() /home/ubuntu/workspace/vendor/Pizzy/Template/src/Template.php:56
[19-Jul-2015 21:35:58 UTC] PHP   4. Pizzy\Template->__construct() /home/ubuntu/workspace/vendor/Pizzy/Template/src/Template.php:169
[19-Jul-2015 21:35:58 UTC] PHP   5. file_get_contents() /home/ubuntu/workspace/vendor/Pizzy/Template/src/Template.php:52
[19-Jul-2015 22:05:17 UTC] PHP Warning:  file_get_contents(./templates/header.html): failed to open stream: No such file or directory in /home/ubuntu/workspace/vendor/Pizzy/Template/src/Template.php on line 52
[19-Jul-2015 22:05:17 UTC] PHP Stack trace:
[19-Jul-2015 22:05:17 UTC] PHP   1. {main}() /home/ubuntu/workspace/src/index.php:0
[19-Jul-2015 22:05:17 UTC] PHP   2. Pizzy\Template->__construct() /home/ubuntu/workspace/src/index.php:13
[19-Jul-2015 22:05:17 UTC] PHP   3. Pizzy\Template->build_header() /home/ubuntu/workspace/vendor/Pizzy/Template/src/Template.php:49
[19-Jul-2015 22:05:17 UTC] PHP   4. Pizzy\Template->__construct() /home/ubuntu/workspace/vendor/Pizzy/Template/src/Template.php:158
[19-Jul-2015 22:05:17 UTC] PHP   5. file_get_contents() /home/ubuntu/workspace/vendor/Pizzy/Template/src/Template.php:52
[19-Jul-2015 22:05:17 UTC] PHP Warning:  file_get_contents(./templates/home.html): failed to open stream: No such file or directory in /home/ubuntu/workspace/vendor/Pizzy/Template/src/Template.php on line 52
[19-Jul-2015 22:05:17 UTC] PHP Stack trace:
[19-Jul-2015 22:05:17 UTC] PHP   1. {main}() /home/ubuntu/workspace/src/index.php:0
[19-Jul-2015 22:05:17 UTC] PHP   2. Pizzy\Template->__construct() /home/ubuntu/workspace/src/index.php:13
[19-Jul-2015 22:05:17 UTC] PHP   3. file_get_contents() /home/ubuntu/workspace/vendor/Pizzy/Template/src/Template.php:52
[19-Jul-2015 22:05:17 UTC] PHP Warning:  file_get_contents(./templates/footer.html): failed to open stream: No such file or directory in /home/ubuntu/workspace/vendor/Pizzy/Template/src/Template.php on line 52
[19-Jul-2015 22:05:17 UTC] PHP Stack trace:
[19-Jul-2015 22:05:17 UTC] PHP   1. {main}() /home/ubuntu/workspace/src/index.php:0
[19-Jul-2015 22:05:17 UTC] PHP   2. Pizzy\Template->__construct() /home/ubuntu/workspace/src/index.php:13
[19-Jul-2015 22:05:17 UTC] PHP   3. Pizzy\Template->build_footer() /home/ubuntu/workspace/vendor/Pizzy/Template/src/Template.php:56
[19-Jul-2015 22:05:17 UTC] PHP   4. Pizzy\Template->__construct() /home/ubuntu/workspace/vendor/Pizzy/Template/src/Template.php:169
[19-Jul-2015 22:05:17 UTC] PHP   5. file_get_contents() /home/ubuntu/workspace/vendor/Pizzy/Template/src/Template.php:52
[19-Jul-2015 22:05:34 UTC] PHP Warning:  file_get_contents(./templates/header.html): failed to open stream: No such file or directory in /home/ubuntu/workspace/vendor/Pizzy/Template/src/Template.php on line 52
[19-Jul-2015 22:05:34 UTC] PHP Stack trace:
[19-Jul-2015 22:05:34 UTC] PHP   1. {main}() /home/ubuntu/workspace/src/index.php:0
[19-Jul-2015 22:05:34 UTC] PHP   2. Pizzy\Template->__construct() /home/ubuntu/workspace/src/index.php:13
[19-Jul-2015 22:05:34 UTC] PHP   3. Pizzy\Template->build_header() /home/ubuntu/workspace/vendor/Pizzy/Template/src/Template.php:49
[19-Jul-2015 22:05:34 UTC] PHP   4. Pizzy\Template->__construct() /home/ubuntu/workspace/vendor/Pizzy/Template/src/Template.php:158
[19-Jul-2015 22:05:34 UTC] PHP   5. file_get_contents() /home/ubuntu/workspace/vendor/Pizzy/Template/src/Template.php:52
[19-Jul-2015 22:05:34 UTC] PHP Warning:  file_get_contents(./templates/home.html): failed to open stream: No such file or directory in /home/ubuntu/workspace/vendor/Pizzy/Template/src/Template.php on line 52
[19-Jul-2015 22:05:34 UTC] PHP Stack trace:
[19-Jul-2015 22:05:34 UTC] PHP   1. {main}() /home/ubuntu/workspace/src/index.php:0
[19-Jul-2015 22:05:34 UTC] PHP   2. Pizzy\Template->__construct() /home/ubuntu/workspace/src/index.php:13
[19-Jul-2015 22:05:34 UTC] PHP   3. file_get_contents() /home/ubuntu/workspace/vendor/Pizzy/Template/src/Template.php:52
[19-Jul-2015 22:05:34 UTC] PHP Warning:  file_get_contents(./templates/footer.html): failed to open stream: No such file or directory in /home/ubuntu/workspace/vendor/Pizzy/Template/src/Template.php on line 52
[19-Jul-2015 22:05:34 UTC] PHP Stack trace:
[19-Jul-2015 22:05:34 UTC] PHP   1. {main}() /home/ubuntu/workspace/src/index.php:0
[19-Jul-2015 22:05:34 UTC] PHP   2. Pizzy\Template->__construct() /home/ubuntu/workspace/src/index.php:13
[19-Jul-2015 22:05:34 UTC] PHP   3. Pizzy\Template->build_footer() /home/ubuntu/workspace/vendor/Pizzy/Template/src/Template.php:56
[19-Jul-2015 22:05:34 UTC] PHP   4. Pizzy\Template->__construct() /home/ubuntu/workspace/vendor/Pizzy/Template/src/Template.php:169
[19-Jul-2015 22:05:34 UTC] PHP   5. file_get_contents() /home/ubuntu/workspace/vendor/Pizzy/Template/src/Template.php:52
[19-Jul-2015 22:20:14 UTC] PHP Warning:  file_get_contents(./templates/header.html): failed to open stream: No such file or directory in /home/ubuntu/workspace/vendor/Pizzy/Template/src/Template.php on line 52
[19-Jul-2015 22:20:14 UTC] PHP Stack trace:
[19-Jul-2015 22:20:14 UTC] PHP   1. {main}() /home/ubuntu/workspace/src/index.php:0
[19-Jul-2015 22:20:14 UTC] PHP   2. Pizzy\Template->__construct() /home/ubuntu/workspace/src/index.php:13
[19-Jul-2015 22:20:14 UTC] PHP   3. Pizzy\Template->build_header() /home/ubuntu/workspace/vendor/Pizzy/Template/src/Template.php:49
[19-Jul-2015 22:20:14 UTC] PHP   4. Pizzy\Template->__construct() /home/ubuntu/workspace/vendor/Pizzy/Template/src/Template.php:158
[19-Jul-2015 22:20:14 UTC] PHP   5. file_get_contents() /home/ubuntu/workspace/vendor/Pizzy/Template/src/Template.php:52
[19-Jul-2015 22:20:14 UTC] PHP Warning:  file_get_contents(./templates/home.html): failed to open stream: No such file or directory in /home/ubuntu/workspace/vendor/Pizzy/Template/src/Template.php on line 52
[19-Jul-2015 22:20:14 UTC] PHP Stack trace:
[19-Jul-2015 22:20:14 UTC] PHP   1. {main}() /home/ubuntu/workspace/src/index.php:0
[19-Jul-2015 22:20:14 UTC] PHP   2. Pizzy\Template->__construct() /home/ubuntu/workspace/src/index.php:13
[19-Jul-2015 22:20:14 UTC] PHP   3. file_get_contents() /home/ubuntu/workspace/vendor/Pizzy/Template/src/Template.php:52
[19-Jul-2015 22:20:14 UTC] PHP Warning:  file_get_contents(./templates/footer.html): failed to open stream: No such file or directory in /home/ubuntu/workspace/vendor/Pizzy/Template/src/Template.php on line 52
[19-Jul-2015 22:20:14 UTC] PHP Stack trace:
[19-Jul-2015 22:20:14 UTC] PHP   1. {main}() /home/ubuntu/workspace/src/index.php:0
[19-Jul-2015 22:20:14 UTC] PHP   2. Pizzy\Template->__construct() /home/ubuntu/workspace/src/index.php:13
[19-Jul-2015 22:20:14 UTC] PHP   3. Pizzy\Template->build_footer() /home/ubuntu/workspace/vendor/Pizzy/Template/src/Template.php:56
[19-Jul-2015 22:20:14 UTC] PHP   4. Pizzy\Template->__construct() /home/ubuntu/workspace/vendor/Pizzy/Template/src/Template.php:169
[19-Jul-2015 22:20:14 UTC] PHP   5. file_get_contents() /home/ubuntu/workspace/vendor/Pizzy/Template/src/Template.php:52
[19-Jul-2015 22:20:39 UTC] PHP Warning:  require_once(/home/ubuntu/workspace/srcconfig.php): failed to open stream: No such file or directory in /home/ubuntu/workspace/src/index.php on line 8
[19-Jul-2015 22:20:39 UTC] PHP Stack trace:
[19-Jul-2015 22:20:39 UTC] PHP   1. {main}() /home/ubuntu/workspace/src/index.php:0
[19-Jul-2015 22:20:39 UTC] PHP Fatal error:  require_once(): Failed opening required '/home/ubuntu/workspace/srcconfig.php' (include_path='.:/usr/share/php:/usr/share/pear') in /home/ubuntu/workspace/src/index.php on line 8
[19-Jul-2015 22:20:39 UTC] PHP Stack trace:
[19-Jul-2015 22:20:39 UTC] PHP   1. {main}() /home/ubuntu/workspace/src/index.php:0
[19-Jul-2015 22:21:42 UTC] PHP Parse error:  syntax error, unexpected ';' in /home/ubuntu/workspace/src/index.php on line 7
[19-Jul-2015 22:21:53 UTC] PHP Warning:  file_get_contents(/home/ubuntu/workspace/src/templates/header.html): failed to open stream: No such file or directory in /home/ubuntu/workspace/vendor/Pizzy/Template/src/Template.php on line 52
[19-Jul-2015 22:21:53 UTC] PHP Stack trace:
[19-Jul-2015 22:21:53 UTC] PHP   1. {main}() /home/ubuntu/workspace/src/index.php:0
[19-Jul-2015 22:21:53 UTC] PHP   2. Pizzy\Template->__construct() /home/ubuntu/workspace/src/index.php:13
[19-Jul-2015 22:21:53 UTC] PHP   3. Pizzy\Template->build_header() /home/ubuntu/workspace/vendor/Pizzy/Template/src/Template.php:49
[19-Jul-2015 22:21:53 UTC] PHP   4. Pizzy\Template->__construct() /home/ubuntu/workspace/vendor/Pizzy/Template/src/Template.php:158
[19-Jul-2015 22:21:53 UTC] PHP   5. file_get_contents() /home/ubuntu/workspace/vendor/Pizzy/Template/src/Template.php:52
[19-Jul-2015 22:21:53 UTC] PHP Warning:  file_get_contents(/home/ubuntu/workspace/src/templates/home.html): failed to open stream: No such file or directory in /home/ubuntu/workspace/vendor/Pizzy/Template/src/Template.php on line 52
[19-Jul-2015 22:21:53 UTC] PHP Stack trace:
[19-Jul-2015 22:21:53 UTC] PHP   1. {main}() /home/ubuntu/workspace/src/index.php:0
[19-Jul-2015 22:21:53 UTC] PHP   2. Pizzy\Template->__construct() /home/ubuntu/workspace/src/index.php:13
[19-Jul-2015 22:21:53 UTC] PHP   3. file_get_contents() /home/ubuntu/workspace/vendor/Pizzy/Template/src/Template.php:52
[19-Jul-2015 22:21:53 UTC] PHP Warning:  file_get_contents(/home/ubuntu/workspace/src/templates/footer.html): failed to open stream: No such file or directory in /home/ubuntu/workspace/vendor/Pizzy/Template/src/Template.php on line 52
[19-Jul-2015 22:21:53 UTC] PHP Stack trace:
[19-Jul-2015 22:21:53 UTC] PHP   1. {main}() /home/ubuntu/workspace/src/index.php:0
[19-Jul-2015 22:21:53 UTC] PHP   2. Pizzy\Template->__construct() /home/ubuntu/workspace/src/index.php:13
[19-Jul-2015 22:21:53 UTC] PHP   3. Pizzy\Template->build_footer() /home/ubuntu/workspace/vendor/Pizzy/Template/src/Template.php:56
[19-Jul-2015 22:21:53 UTC] PHP   4. Pizzy\Template->__construct() /home/ubuntu/workspace/vendor/Pizzy/Template/src/Template.php:169
[19-Jul-2015 22:21:53 UTC] PHP   5. file_get_contents() /home/ubuntu/workspace/vendor/Pizzy/Template/src/Template.php:52
[19-Jul-2015 22:34:49 UTC] PHP Warning:  require_once(/home/ubuntu/workspace/config.php): failed to open stream: No such file or directory in /home/ubuntu/workspace/src/index.php on line 8
[19-Jul-2015 22:34:49 UTC] PHP Stack trace:
[19-Jul-2015 22:34:49 UTC] PHP   1. {main}() /home/ubuntu/workspace/src/index.php:0
[19-Jul-2015 22:34:49 UTC] PHP Fatal error:  require_once(): Failed opening required '/home/ubuntu/workspace/config.php' (include_path='.:/usr/share/php:/usr/share/pear') in /home/ubuntu/workspace/src/index.php on line 8
[19-Jul-2015 22:34:49 UTC] PHP Stack trace:
[19-Jul-2015 22:34:49 UTC] PHP   1. {main}() /home/ubuntu/workspace/src/index.php:0
[19-Jul-2015 22:35:45 UTC] PHP Warning:  require_once(/home/ubuntu/workspace/config.php): failed to open stream: No such file or directory in /home/ubuntu/workspace/src/index.php on line 9
[19-Jul-2015 22:35:45 UTC] PHP Stack trace:
[19-Jul-2015 22:35:45 UTC] PHP   1. {main}() /home/ubuntu/workspace/src/index.php:0
[19-Jul-2015 22:35:45 UTC] PHP Fatal error:  require_once(): Failed opening required '/home/ubuntu/workspace/config.php' (include_path='.:/usr/share/php:/usr/share/pear') in /home/ubuntu/workspace/src/index.php on line 9
[19-Jul-2015 22:35:45 UTC] PHP Stack trace:
[19-Jul-2015 22:35:45 UTC] PHP   1. {main}() /home/ubuntu/workspace/src/index.php:0
[19-Jul-2015 22:35:57 UTC] PHP Warning:  file_get_contents(/home/ubuntu/workspace/templates/header.html): failed to open stream: No such file or directory in /home/ubuntu/workspace/vendor/Pizzy/Template/src/Template.php on line 52
[19-Jul-2015 22:35:57 UTC] PHP Stack trace:
[19-Jul-2015 22:35:57 UTC] PHP   1. {main}() /home/ubuntu/workspace/src/index.php:0
[19-Jul-2015 22:35:57 UTC] PHP   2. Pizzy\Template->__construct() /home/ubuntu/workspace/src/index.php:14
[19-Jul-2015 22:35:57 UTC] PHP   3. Pizzy\Template->build_header() /home/ubuntu/workspace/vendor/Pizzy/Template/src/Template.php:49
[19-Jul-2015 22:35:57 UTC] PHP   4. Pizzy\Template->__construct() /home/ubuntu/workspace/vendor/Pizzy/Template/src/Template.php:158
[19-Jul-2015 22:35:57 UTC] PHP   5. file_get_contents() /home/ubuntu/workspace/vendor/Pizzy/Template/src/Template.php:52
[19-Jul-2015 22:35:57 UTC] PHP Warning:  file_get_contents(/home/ubuntu/workspace/templates/footer.html): failed to open stream: No such file or directory in /home/ubuntu/workspace/vendor/Pizzy/Template/src/Template.php on line 52
[19-Jul-2015 22:35:57 UTC] PHP Stack trace:
[19-Jul-2015 22:35:57 UTC] PHP   1. {main}() /home/ubuntu/workspace/src/index.php:0
[19-Jul-2015 22:35:57 UTC] PHP   2. Pizzy\Template->__construct() /home/ubuntu/workspace/src/index.php:14
[19-Jul-2015 22:35:57 UTC] PHP   3. Pizzy\Template->build_footer() /home/ubuntu/workspace/vendor/Pizzy/Template/src/Template.php:56
[19-Jul-2015 22:35:57 UTC] PHP   4. Pizzy\Template->__construct() /home/ubuntu/workspace/vendor/Pizzy/Template/src/Template.php:169
[19-Jul-2015 22:35:57 UTC] PHP   5. file_get_contents() /home/ubuntu/workspace/vendor/Pizzy/Template/src/Template.php:52
[19-Jul-2015 22:37:33 UTC] PHP Warning:  require_once(/home/ubuntu/workspace/includes/defines.php): failed to open stream: No such file or directory in /home/ubuntu/workspace/config.php on line 4
[19-Jul-2015 22:37:33 UTC] PHP Stack trace:
[19-Jul-2015 22:37:33 UTC] PHP   1. {main}() /home/ubuntu/workspace/src/index.php:0
[19-Jul-2015 22:37:33 UTC] PHP   2. require_once() /home/ubuntu/workspace/src/index.php:8
[19-Jul-2015 22:37:33 UTC] PHP Fatal error:  require_once(): Failed opening required '/home/ubuntu/workspace/includes/defines.php' (include_path='.:/usr/share/php:/usr/share/pear') in /home/ubuntu/workspace/config.php on line 4
[19-Jul-2015 22:37:33 UTC] PHP Stack trace:
[19-Jul-2015 22:37:33 UTC] PHP   1. {main}() /home/ubuntu/workspace/src/index.php:0
[19-Jul-2015 22:37:33 UTC] PHP   2. require_once() /home/ubuntu/workspace/src/index.php:8
[19-Jul-2015 22:37:58 UTC] PHP Warning:  file_get_contents(/home/ubuntu/workspace/templates/header.html): failed to open stream: No such file or directory in /home/ubuntu/workspace/vendor/Pizzy/Template/src/Template.php on line 52
[19-Jul-2015 22:37:58 UTC] PHP Stack trace:
[19-Jul-2015 22:37:58 UTC] PHP   1. {main}() /home/ubuntu/workspace/src/index.php:0
[19-Jul-2015 22:37:58 UTC] PHP   2. Pizzy\Template->__construct() /home/ubuntu/workspace/src/index.php:13
[19-Jul-2015 22:37:58 UTC] PHP   3. Pizzy\Template->build_header() /home/ubuntu/workspace/vendor/Pizzy/Template/src/Template.php:49
[19-Jul-2015 22:37:58 UTC] PHP   4. Pizzy\Template->__construct() /home/ubuntu/workspace/vendor/Pizzy/Template/src/Template.php:158
[19-Jul-2015 22:37:58 UTC] PHP   5. file_get_contents() /home/ubuntu/workspace/vendor/Pizzy/Template/src/Template.php:52
[19-Jul-2015 22:37:58 UTC] PHP Warning:  file_get_contents(/home/ubuntu/workspace/templates/footer.html): failed to open stream: No such file or directory in /home/ubuntu/workspace/vendor/Pizzy/Template/src/Template.php on line 52
[19-Jul-2015 22:37:58 UTC] PHP Stack trace:
[19-Jul-2015 22:37:58 UTC] PHP   1. {main}() /home/ubuntu/workspace/src/index.php:0
[19-Jul-2015 22:37:58 UTC] PHP   2. Pizzy\Template->__construct() /home/ubuntu/workspace/src/index.php:13
[19-Jul-2015 22:37:58 UTC] PHP   3. Pizzy\Template->build_footer() /home/ubuntu/workspace/vendor/Pizzy/Template/src/Template.php:56
[19-Jul-2015 22:37:58 UTC] PHP   4. Pizzy\Template->__construct() /home/ubuntu/workspace/vendor/Pizzy/Template/src/Template.php:169
[19-Jul-2015 22:37:58 UTC] PHP   5. file_get_contents() /home/ubuntu/workspace/vendor/Pizzy/Template/src/Template.php:52
